<?xml version="1.0" encoding="utf-8"?><testsuites><testsuite errors="0" failures="0" hostname="firebreath" name="pytest" skipped="0" tests="10" time="0.393" timestamp="2020-07-28T04:07:09.061387"><testcase classname="app.converter.test_converter" file="app/converter/test_converter.py" line="5" name="test_convert_non_sequential" time="0.002"></testcase><testcase classname="app.converter.test_converter" file="app/converter/test_converter.py" line="16" name="test_convert_sequential" time="0.001"></testcase><testcase classname="app.converter.test_converter" file="app/converter/test_converter.py" line="27" name="test_convert_empty_rows" time="0.001"></testcase><testcase classname="app.converter.test_converter" file="app/converter/test_converter.py" line="39" name="test_convert_multi_level" time="0.002"></testcase><testcase classname="app.converter.test_converter" file="app/converter/test_converter.py" line="56" name="test_convert_empty_csv" time="0.002"></testcase><testcase classname="app.converter.test_helpers" file="app/converter/test_helpers.py" line="25" name="test_create_file" time="0.002"></testcase><testcase classname="app.converter.test_helpers" file="app/converter/test_helpers.py" line="35" name="test_create_file_invalid" time="0.003"></testcase><testcase classname="app.converter.test_helpers" file="app/converter/test_helpers.py" line="41" name="test_get_converted_file" time="0.002"></testcase><testcase classname="app.converter.test_helpers" file="app/converter/test_helpers.py" line="50" name="test_get_converted_file_not_found" time="0.001"></testcase><testcase classname="app.converter.test_helpers" file="app/converter/test_helpers.py" line="55" name="test_delete_file" time="0.002"></testcase></testsuite></testsuites>